<?xml version="1.0" encoding="UTF-8"?>
<!-- Generated by org.testng.reporters.JUnitReportReporter -->
<testsuite hostname="LTIN509092" failures="0" tests="2" name="TestCases.TC2webcrse2" time="14.078" errors="0" timestamp="2024-04-19T09:19:10 IST" skipped="0">
  <testcase classname="TestCases.TC2webcrse2" name="course2" time="14.074"/>
  <system-out/>
  <testcase classname="TestCases.TC2webcrse2" name="windowswitch" time="0.004"/>
  <system-out/>
</testsuite> <!-- TestCases.TC2webcrse2 -->
