<?xml version="1.0" encoding="UTF-8"?>
<!-- Generated by org.testng.reporters.JUnitReportReporter -->
<testsuite hostname="LTIN509092" failures="0" tests="3" name="TestCases.TC1webdevcourses" time="20.420" errors="0" timestamp="2024-04-19T09:19:10 IST" skipped="0">
  <testcase classname="TestCases.TC1webdevcourses" name="homepage" time="6.233"/>
  <system-out/>
  <testcase classname="TestCases.TC1webdevcourses" name="filter" time="4.453"/>
  <system-out/>
  <testcase classname="TestCases.TC1webdevcourses" name="courses" time="9.734"/>
  <system-out/>
</testsuite> <!-- TestCases.TC1webdevcourses -->
