<?xml version="1.0" encoding="UTF-8"?>
<!-- Generated by org.testng.reporters.JUnitReportReporter -->
<testsuite hostname="LTIN509092" failures="0" tests="3" name="TestCases.TC3Languagelearn" time="156.505" errors="0" timestamp="2024-04-19T09:19:10 IST" skipped="0">
  <testcase classname="TestCases.TC3Languagelearn" name="searchbox" time="3.453"/>
  <system-out/>
  <testcase classname="TestCases.TC3Languagelearn" name="languagescourses" time="46.934"/>
  <system-out/>
  <testcase classname="TestCases.TC3Languagelearn" name="levelcount" time="106.118"/>
  <system-out/>
</testsuite> <!-- TestCases.TC3Languagelearn -->
