<?xml version="1.0" encoding="UTF-8"?>
<!-- Generated by org.testng.reporters.JUnitReportReporter -->
<testsuite hostname="LTIN509092" failures="0" tests="2" name="TestCases.TC4enterprises" time="23.879" errors="0" timestamp="2024-04-19T09:19:10 IST" skipped="0">
  <testcase classname="TestCases.TC4enterprises" name="forEnterprise" time="17.205"/>
  <system-out/>
  <testcase classname="TestCases.TC4enterprises" name="submitForm" time="6.674"/>
  <system-out/>
</testsuite> <!-- TestCases.TC4enterprises -->
